APW19980807 O
.0261 O
1998-08-07 O
Explosions O
rock O
U.S. O
embassies O
in O
Tanzania O
, O
Kenya O
APW19980807 O
.0261 O
NEWS O
STORY O
08\/07\/1998 O
06:18:00 O
w2213 O
& O
Cx1f O
; O
wstm-u O
i O
& O
Cx13 O
; O
& O
Cx11 O
; O
URGENT O
08-07 O
0122URGENTBC-Kenya-Explosion O
, O
5th O
Ld-Writethru O
& O
UR O
; O
Explosions O
rock O
U.S. O
embassies O
in O
Tanzania O
, O
Kenya O
& O
QL O
; O
& O
UR O
; O
Eds O
: O
UPDATES O
with O
explosion O
near O
U.S. O
Embassy O
in O
Tanzania O
. O
& O
QL O
; O
& O
UR O
; O
AP O
Photos O
Planned O
& O
QL O
; O
& O
UR O
; O
By O
CHEGE O
MBITIRU O
& O
QC O
; O
& O
UR O
; O
Associated O
Press O
Writer O
& O
QC O
; O
NAIROBI O
, O
Kenya O
-LRB- O
AP O
-RRB- O
_ O
Suspected O
bombs O
exploded OCCURRENCE
outside O
the O
U.S. O
embassies O
in O
the O
Kenyan O
and O
Tanzanian O
capitals O
Friday O
, O
killing OCCURRENCE
dozens O
of O
people O
, O
witnesses O
said REPORTING
. O
The O
American O
ambassador O
to O
Kenya O
was O
among O
hundreds O
injured OCCURRENCE
, O
a O
local O
TV O
said REPORTING
. O
`` O
It O
was O
definitely O
a O
bomb O
, O
'' O
said REPORTING
a O
U.S. O
Embassy O
official O
in O
Nairobi O
, O
who O
refused OCCURRENCE
to O
identify OCCURRENCE
himself O
. O
`` O
You O
can O
see PERCEPTION
a O
huge O
crater O
behind O
the O
building O
, O
and O
a O
bomb O
went OCCURRENCE
off O
at O
the O
embassy O
in O
Tanzania O
at O
the O
same O
time O
, O
'' O
he O
said REPORTING
. O
& O
UR O
; O
MORE O
-LRB- O
PROFILE O
-LRB- O
WS O
SL O
: O
URGENT O
; O
CT O
: O
i O
; O
-LRB- O
REG O
: O
EURO O
; O
-RRB- O
-LRB- O
REG O
: O
BRIT O
; O
-RRB- O
-LRB- O
REG O
: O
SCAN O
; O
-RRB- O
-LRB- O
REG O
: O
ENGL O
; O
-RRB- O
-LRB- O
REG O
: O
AFRI O
; O
-RRB- O
-LRB- O
LANG O
: O
ENGLISH O
; O
-RRB- O
-RRB- O
-RRB- O
AP-NY-08-07-98 O
0618EDT O
